Traceback (most recent call last):
  File "/opt/hostedtoolcache/Python/3.7.17/x64/lib/python3.7/site-packages/jupyter_cache/executors/utils.py", line 64, in single_nb_execution
    **kwargs,
  File "/opt/hostedtoolcache/Python/3.7.17/x64/lib/python3.7/site-packages/nbclient/client.py", line 1204, in execute
    return NotebookClient(nb=nb, resources=resources, km=km, **kwargs).execute()
  File "/opt/hostedtoolcache/Python/3.7.17/x64/lib/python3.7/site-packages/nbclient/util.py", line 84, in wrapped
    return just_run(coro(*args, **kwargs))
  File "/opt/hostedtoolcache/Python/3.7.17/x64/lib/python3.7/site-packages/nbclient/util.py", line 62, in just_run
    return loop.run_until_complete(coro)
  File "/opt/hostedtoolcache/Python/3.7.17/x64/lib/python3.7/asyncio/base_events.py", line 587, in run_until_complete
    return future.result()
  File "/opt/hostedtoolcache/Python/3.7.17/x64/lib/python3.7/site-packages/nbclient/client.py", line 664, in async_execute
    cell, index, execution_count=self.code_cells_executed + 1
  File "/opt/hostedtoolcache/Python/3.7.17/x64/lib/python3.7/site-packages/nbclient/client.py", line 965, in async_execute_cell
    await self._check_raise_for_error(cell, cell_index, exec_reply)
  File "/opt/hostedtoolcache/Python/3.7.17/x64/lib/python3.7/site-packages/nbclient/client.py", line 862, in _check_raise_for_error
    raise CellExecutionError.from_cell_and_msg(cell, exec_reply_content)
nbclient.exceptions.CellExecutionError: An error occurred while executing the following cell:
------------------
# You are free to use sklearn
import sklearn
from sklearn.decomposition import PCA

# plot the projections on the two first PCs to visualize the neural traces, each point represent 1 neuron.
# colormap for the preferred directions of neurons form 1 to 360
pca = PCA(n_components=2)
pca.fit(neural_traces_120_2circle)
projected_data = pca.transform(neural_traces_120_2circle)

# Create colormap based on index
colors = np.arange(projected_data.shape[0])

# Plot the projections on the first two PCs
plt.scatter(projected_data[:, 0], projected_data[:, 1], c=colors, cmap='hsv')
plt.xlabel('PC1')
plt.ylabel('PC2')
plt.title('Neural Traces - Projections on PC1 and PC2')
plt.colorbar(label='Index')
plt.show()
------------------

[0;31m---------------------------------------------------------------------------[0m
[0;31mModuleNotFoundError[0m                       Traceback (most recent call last)
[0;32m/tmp/ipykernel_1921/1259018007.py[0m in [0;36m<module>[0;34m[0m
[1;32m      1[0m [0;31m# You are free to use sklearn[0m[0;34m[0m[0;34m[0m[0;34m[0m[0m
[0;32m----> 2[0;31m [0;32mimport[0m [0msklearn[0m[0;34m[0m[0;34m[0m[0m
[0m[1;32m      3[0m [0;32mfrom[0m [0msklearn[0m[0;34m.[0m[0mdecomposition[0m [0;32mimport[0m [0mPCA[0m[0;34m[0m[0;34m[0m[0m
[1;32m      4[0m [0;34m[0m[0m
[1;32m      5[0m [0;31m# plot the projections on the two first PCs to visualize the neural traces, each point represent 1 neuron.[0m[0;34m[0m[0;34m[0m[0;34m[0m[0m

[0;31mModuleNotFoundError[0m: No module named 'sklearn'
ModuleNotFoundError: No module named 'sklearn'

