Traceback (most recent call last):
  File "/opt/hostedtoolcache/Python/3.7.17/x64/lib/python3.7/site-packages/jupyter_cache/executors/utils.py", line 64, in single_nb_execution
    **kwargs,
  File "/opt/hostedtoolcache/Python/3.7.17/x64/lib/python3.7/site-packages/nbclient/client.py", line 1204, in execute
    return NotebookClient(nb=nb, resources=resources, km=km, **kwargs).execute()
  File "/opt/hostedtoolcache/Python/3.7.17/x64/lib/python3.7/site-packages/nbclient/util.py", line 84, in wrapped
    return just_run(coro(*args, **kwargs))
  File "/opt/hostedtoolcache/Python/3.7.17/x64/lib/python3.7/site-packages/nbclient/util.py", line 62, in just_run
    return loop.run_until_complete(coro)
  File "/opt/hostedtoolcache/Python/3.7.17/x64/lib/python3.7/asyncio/base_events.py", line 587, in run_until_complete
    return future.result()
  File "/opt/hostedtoolcache/Python/3.7.17/x64/lib/python3.7/site-packages/nbclient/client.py", line 664, in async_execute
    cell, index, execution_count=self.code_cells_executed + 1
  File "/opt/hostedtoolcache/Python/3.7.17/x64/lib/python3.7/site-packages/nbclient/client.py", line 965, in async_execute_cell
    await self._check_raise_for_error(cell, cell_index, exec_reply)
  File "/opt/hostedtoolcache/Python/3.7.17/x64/lib/python3.7/site-packages/nbclient/client.py", line 862, in _check_raise_for_error
    raise CellExecutionError.from_cell_and_msg(cell, exec_reply_content)
nbclient.exceptions.CellExecutionError: An error occurred while executing the following cell:
------------------
import xml.etree.ElementTree as ET

# Parse the XML file
tree = ET.parse('/content/BT_01_003.xml')
root = tree.getroot()

# Access the XML data
# For example, print the tag name and text content of each element
for element in root:
    print("Element:", element.tag)
    print("Text:", element.text)
    print("")
------------------

[0;31m---------------------------------------------------------------------------[0m
[0;31mFileNotFoundError[0m                         Traceback (most recent call last)
[0;32m/tmp/ipykernel_1840/1907733696.py[0m in [0;36m<module>[0;34m[0m
[1;32m      2[0m [0;34m[0m[0m
[1;32m      3[0m [0;31m# Parse the XML file[0m[0;34m[0m[0;34m[0m[0;34m[0m[0m
[0;32m----> 4[0;31m [0mtree[0m [0;34m=[0m [0mET[0m[0;34m.[0m[0mparse[0m[0;34m([0m[0;34m'/content/BT_01_003.xml'[0m[0;34m)[0m[0;34m[0m[0;34m[0m[0m
[0m[1;32m      5[0m [0mroot[0m [0;34m=[0m [0mtree[0m[0;34m.[0m[0mgetroot[0m[0;34m([0m[0;34m)[0m[0;34m[0m[0;34m[0m[0m
[1;32m      6[0m [0;34m[0m[0m

[0;32m/opt/hostedtoolcache/Python/3.7.17/x64/lib/python3.7/xml/etree/ElementTree.py[0m in [0;36mparse[0;34m(source, parser)[0m
[1;32m   1195[0m     """
[1;32m   1196[0m     [0mtree[0m [0;34m=[0m [0mElementTree[0m[0;34m([0m[0;34m)[0m[0;34m[0m[0;34m[0m[0m
[0;32m-> 1197[0;31m     [0mtree[0m[0;34m.[0m[0mparse[0m[0;34m([0m[0msource[0m[0;34m,[0m [0mparser[0m[0;34m)[0m[0;34m[0m[0;34m[0m[0m
[0m[1;32m   1198[0m     [0;32mreturn[0m [0mtree[0m[0;34m[0m[0;34m[0m[0m
[1;32m   1199[0m [0;34m[0m[0m

[0;32m/opt/hostedtoolcache/Python/3.7.17/x64/lib/python3.7/xml/etree/ElementTree.py[0m in [0;36mparse[0;34m(self, source, parser)[0m
[1;32m    585[0m         [0mclose_source[0m [0;34m=[0m [0;32mFalse[0m[0;34m[0m[0;34m[0m[0m
[1;32m    586[0m         [0;32mif[0m [0;32mnot[0m [0mhasattr[0m[0;34m([0m[0msource[0m[0;34m,[0m [0;34m"read"[0m[0;34m)[0m[0;34m:[0m[0;34m[0m[0;34m[0m[0m
[0;32m--> 587[0;31m             [0msource[0m [0;34m=[0m [0mopen[0m[0;34m([0m[0msource[0m[0;34m,[0m [0;34m"rb"[0m[0;34m)[0m[0;34m[0m[0;34m[0m[0m
[0m[1;32m    588[0m             [0mclose_source[0m [0;34m=[0m [0;32mTrue[0m[0;34m[0m[0;34m[0m[0m
[1;32m    589[0m         [0;32mtry[0m[0;34m:[0m[0;34m[0m[0;34m[0m[0m

[0;31mFileNotFoundError[0m: [Errno 2] No such file or directory: '/content/BT_01_003.xml'
FileNotFoundError: [Errno 2] No such file or directory: '/content/BT_01_003.xml'

